======= TASK $SGE_TASK_ID started =======
>>> MODEL=$MODEL
>>> LR=$LR
>>> WD=$WD
>>> InputSize=$IM
>>> OUT_DIR=$OUT_DIR
usage: RepViT training and evaluation script [-h] [--batch-size BATCH_SIZE]
                                             [--epochs EPOCHS] [--model MODEL]
                                             [--input-size INPUT_SIZE]
                                             [--model-ema] [--no-model-ema]
                                             [--model-ema-decay MODEL_EMA_DECAY]
                                             [--model-ema-force-cpu]
                                             [--opt OPTIMIZER]
                                             [--opt-eps EPSILON]
                                             [--opt-betas BETA [BETA ...]]
                                             [--clip-grad NORM]
                                             [--clip-mode CLIP_MODE]
                                             [--momentum M]
                                             [--weight-decay WEIGHT_DECAY]
                                             [--sched SCHEDULER] [--lr LR]
                                             [--lr-noise pct, pct [pct, pct ...]]
                                             [--lr-noise-pct PERCENT]
                                             [--lr-noise-std STDDEV]
                                             [--warmup-lr LR] [--min-lr LR]
                                             [--decay-epochs N]
                                             [--warmup-epochs N]
                                             [--cooldown-epochs N]
                                             [--patience-epochs N]
                                             [--decay-rate RATE]
                                             [--ThreeAugment]
                                             [--color-jitter PCT] [--aa NAME]
                                             [--smoothing SMOOTHING]
                                             [--train-interpolation TRAIN_INTERPOLATION]
                                             [--repeated-aug]
                                             [--no-repeated-aug]
                                             [--reprob PCT] [--remode REMODE]
                                             [--recount RECOUNT] [--resplit]
                                             [--mixup MIXUP] [--cutmix CUTMIX]
                                             [--cutmix-minmax CUTMIX_MINMAX [CUTMIX_MINMAX ...]]
                                             [--mixup-prob MIXUP_PROB]
                                             [--mixup-switch-prob MIXUP_SWITCH_PROB]
                                             [--mixup-mode MIXUP_MODE]
                                             [--teacher-model MODEL]
                                             [--teacher-path TEACHER_PATH]
                                             [--distillation-type {none,soft,hard}]
                                             [--distillation-alpha DISTILLATION_ALPHA]
                                             [--distillation-tau DISTILLATION_TAU]
                                             [--finetune FINETUNE]
                                             [--set_bn_eval]
                                             [--data-path DATA_PATH]
                                             [--data-set {CIFAR,IMNET,INAT,INAT19}]
                                             [--inat-category {kingdom,phylum,class,order,supercategory,family,genus,name}]
                                             [--output_dir OUTPUT_DIR]
                                             [--device DEVICE] [--seed SEED]
                                             [--resume RESUME]
                                             [--start_epoch N] [--eval]
                                             [--dist-eval]
                                             [--num_workers NUM_WORKERS]
                                             [--pin-mem] [--no-pin-mem]
                                             [--world_size WORLD_SIZE]
                                             [--dist_url DIST_URL]
                                             [--save_freq SAVE_FREQ]
                                             [--deploy] [--project PROJECT]
RepViT training and evaluation script: error: argument --input-size: invalid int value: '${IM}'
======= TASK $SGE_TASK_ID finished =======
