
CondaError: Run 'conda init' before 'conda activate'

=== Task 5: MODEL=repvit_m0_9  LR=1e-3  WD=0.025  IM=96 ===
Not using distributed mode
Traceback (most recent call last):
  File "/projectnb/ec523bn/students/theostnc/RepViT-main/main.py", line 485, in <module>
    main(args)
  File "/projectnb/ec523bn/students/theostnc/RepViT-main/main.py", line 196, in main
    wandb.init(project=args.project, config=args)
  File "/projectnb/vipcnns/theostnc/conda/envs/repvit/lib/python3.10/site-packages/wandb/sdk/wandb_init.py", line 1603, in init
    get_sentry().reraise(e)
  File "/projectnb/vipcnns/theostnc/conda/envs/repvit/lib/python3.10/site-packages/wandb/analytics/sentry.py", line 190, in reraise
    raise exc.with_traceback(tb)
  File "/projectnb/vipcnns/theostnc/conda/envs/repvit/lib/python3.10/site-packages/wandb/sdk/wandb_init.py", line 1524, in init
    wi.maybe_login(init_settings)
  File "/projectnb/vipcnns/theostnc/conda/envs/repvit/lib/python3.10/site-packages/wandb/sdk/wandb_init.py", line 192, in maybe_login
    wandb_login._login(
  File "/projectnb/vipcnns/theostnc/conda/envs/repvit/lib/python3.10/site-packages/wandb/sdk/wandb_login.py", line 323, in _login
    key, key_status = wlogin.prompt_api_key(referrer=referrer)
  File "/projectnb/vipcnns/theostnc/conda/envs/repvit/lib/python3.10/site-packages/wandb/sdk/wandb_login.py", line 248, in prompt_api_key
    raise UsageError("api_key not configured (no-tty). call " + directive)
wandb.errors.errors.UsageError: api_key not configured (no-tty). call wandb.login(key=[your_api_key])
